Found 2 symbols
HTBX: 12
20200326: 1330-1330: 0.5252 - 0.5799  10.42% 1543 - 1543 *
20200326: 1333-1333: 0.5350 - 0.5600   4.67% 543 - 543 *
20200326: 1334-1340: 0.5350 - 0.5600   4.67% 216 - 212 
20200326: 1352-1400: 0.5500 - 0.5800   5.45% 371 - 1301 
20200326: 1402-1402: 0.5750 - 0.5990   4.17% 706 - 706 *
20200326: 1403-1405: 0.5805 - 0.6099   5.06% 985 - 2466 
20200326: 1406-1406: 0.5950 - 0.6280   5.55% 2862 - 2862 *
20200326: 1437-1437: 0.5501 - 0.5820   5.80% 1882 - 1882 *
20200326: 1438-1533: 0.5600 - 0.5860   4.64% 137 -  98 
20200326: 1625-1627: 0.5511 - 0.5753   4.39% 414 -  99 
20200326: 1635-1711: 0.5606 - 0.5850   4.35%  64 - 222 
20200326: 1752-1759: 0.5520 - 0.5751   4.18% 593 - 457 
MHLD: 8
20200326: 1330-1340: 0.7700 - 0.8672  12.62%  23 -  10 
20200326: 1342-1342: 0.8300 - 0.8672   4.48%  26 -  26 *
20200326: 1347-1400: 0.8301 - 0.8672   4.47%   5 -   8 
20200326: 1406-1425: 0.8431 - 0.8800   4.38%   1 -   4 
20200326: 1445-1456: 0.8562 - 0.8998   5.09%  54 -   5 
20200326: 1456-1514: 0.8998 - 0.9394   4.40%   5 -   1 
20200326: 1546-1558: 0.8910 - 0.9401   5.51%   1 -   1 
20200326: 1610-1648: 0.9125 - 0.9499   4.10%   1 -   1 
