Found 2 symbols
HTBX: 10
20200320: 1330-1330: 0.5801 - 0.6326   9.05% 3465 - 3465 *
20200320: 1331-1331: 0.5801 - 0.6104   5.22% 1185 - 1185 *
20200320: 1332-1332: 0.5810 - 0.6100   4.99% 386 - 386 *
20200320: 1334-1336: 0.5840 - 0.6100   4.45% 926 - 367 
20200320: 1337-1345: 0.5951 - 0.6300   5.86% 154 - 308 
20200320: 1438-1458: 0.5800 - 0.6059   4.47% 1625 -  42 
20200320: 1544-1618: 0.5855 - 0.6100   4.18% 118 -  40 
20200320: 1623-1716: 0.5810 - 0.6099   4.97% 120 - 162 
20200320: 1723-1743: 0.5960 - 0.6200   4.03%  67 - 691 
20200320: 1925-1951: 0.5800 - 0.6039   4.12% 585 - 565 
MHLD: 45
20200320: 1333-1342: 0.6100 - 0.7500  22.95%   2 -   1 
20200320: 1343-1347: 0.6201 - 0.6714   8.27%  35 -   1 
20200320: 1348-1351: 0.6101 - 0.6700   9.82%   2 -   1 
20200320: 1354-1354: 0.6102 - 0.6420   5.21%  24 -  24 *
20200320: 1356-1403: 0.6102 - 0.6431   5.39%  28 -   3 
20200320: 1404-1446: 0.6201 - 0.6844  10.37%   0 -  12 
20200320: 1446-1449: 0.6844 - 0.7331   7.12%  12 -   3 
20200320: 1501-1501: 0.6307 - 0.7244  14.86%  23 -  23 *
20200320: 1504-1504: 0.6308 - 0.7199  14.12% 171 - 171 *
20200320: 1505-1512: 0.6308 - 0.6752   7.04%   0 -   1 
20200320: 1514-1520: 0.6424 - 0.6710   4.45%   2 -  10 
20200320: 1521-1524: 0.6625 - 0.6999   5.65%   8 -   1 
20200320: 1535-1535: 0.6701 - 0.7123   6.30%  25 -  25 *
20200320: 1849-1849: 0.5633 - 0.5902   4.78%  55 -  55 *
20200320: 1855-1855: 0.5511 - 0.5767   4.65%  46 -  46 *
20200320: 1856-1856: 0.5512 - 0.5940   7.76%  54 -  54 *
20200320: 1857-1859: 0.5511 - 0.5820   5.61%   7 -  81 
20200320: 1901-1901: 0.5687 - 0.5937   4.40%   2 -   2 *
20200320: 1902-1907: 0.5687 - 0.6138   7.93%   0 -  33 
20200320: 1910-1910: 0.5000 - 0.5887  17.74% 188 - 188 *
20200320: 1912-1912: 0.4834 - 0.5600  15.85%  50 -  50 *
20200320: 1914-1914: 0.4832 - 0.5170   7.00%  87 -  87 *
20200320: 1915-1915: 0.5033 - 0.5697  13.19%  69 -  69 *
20200320: 1916-1916: 0.4700 - 0.5648  20.17%  53 -  53 *
20200320: 1917-1919: 0.5225 - 0.5600   7.18%   1 -  12 
20200320: 1920-1920: 0.5131 - 0.5500   7.19%  32 -  32 *
20200320: 1921-1921: 0.5387 - 0.5607   4.08%  32 -  32 *
20200320: 1924-1924: 0.5130 - 0.6274  22.30%  52 -  52 *
20200320: 1928-1929: 0.5000 - 0.5400   8.00%  28 -  10 
20200320: 1933-1933: 0.5299 - 0.5800   9.45%  21 -  21 *
20200320: 1934-1935: 0.5500 - 0.6000   9.09%   1 -   5 
20200320: 1937-1937: 0.5001 - 0.5500   9.98% 476 - 476 *
20200320: 1938-1938: 0.5001 - 0.5499   9.96%  29 -  29 *
20200320: 1939-1939: 0.5100 - 0.5498   7.80% 143 - 143 *
20200320: 1944-1944: 0.4708 - 0.5011   6.44% 277 - 277 *
20200320: 1945-1946: 0.4600 - 0.5197  12.98%  57 - 100 
20200320: 1947-1947: 0.5000 - 0.5490   9.80%  15 -  15 *
20200320: 1949-1949: 0.4501 - 0.5114  13.62% 331 - 331 *
20200320: 1950-1951: 0.4530 - 0.4800   5.96%  32 -   2 
20200320: 1952-1952: 0.4320 - 0.4600   6.48% 364 - 364 *
20200320: 1953-1953: 0.4104 - 0.4322   5.31%  88 -  88 *
20200320: 1954-1955: 0.4110 - 0.4409   7.27%   0 -  33 
20200320: 1956-1956: 0.3824 - 0.4400  15.06% 296 - 296 *
20200320: 1957-1957: 0.4199 - 0.4538   8.07%  54 -  54 *
20200320: 1958-1958: 0.4500 - 0.4867   8.16%  60 -  60 *
