Found 2 symbols
HTBX: 1
20200324: 1332-1348: 0.5800 - 0.6050   4.31% 1264 - 318 
MHLD: 28
20200324: 1330-1330: 0.4510 - 0.4702   4.26% 113 - 113 *
20200324: 1331-1332: 0.4602 - 0.5000   8.65%   0 -   5 
20200324: 1332-1338: 0.5000 - 0.5250   5.00%   5 -   2 
20200324: 1339-1339: 0.5201 - 0.5497   5.69%  24 -  24 *
20200324: 1342-1345: 0.5150 - 0.5495   6.70% 200 -  50 
20200324: 1348-1348: 0.5001 - 0.5333   6.64%  74 -  74 *
20200324: 1349-1352: 0.5001 - 0.5332   6.62%  29 -  20 
20200324: 1409-1409: 0.4802 - 0.5175   7.77%  33 -  33 *
20200324: 1412-1412: 0.5000 - 0.5218   4.36% 151 - 151 *
20200324: 1413-1413: 0.5099 - 0.5436   6.61%   9 -   9 *
20200324: 1415-1451: 0.4999 - 0.5199   4.00% 218 -  11 
20200324: 1455-1500: 0.5130 - 0.5435   5.95%  15 -  12 
20200324: 1501-1509: 0.5369 - 0.5842   8.81%  19 -   2 
20200324: 1510-1515: 0.5689 - 0.5995   5.38%  15 -  76 
20200324: 1526-1642: 0.5842 - 0.6100   4.42%   4 -  96 
20200324: 1642-1645: 0.6100 - 0.6399   4.90%  96 -   9 
20200324: 1650-1650: 0.6211 - 0.6496   4.59%  42 -  42 *
20200324: 1715-1715: 0.5516 - 0.6148  11.46% 805 - 805 *
20200324: 1717-1717: 0.5710 - 0.5942   4.06%  79 -  79 *
20200324: 1718-1729: 0.5710 - 0.6212   8.79%   0 - 112 
20200324: 1801-1801: 0.6000 - 0.6270   4.50%  94 -  94 *
20200324: 1815-1828: 0.5623 - 0.5862   4.25%   1 -  92 
20200324: 1839-1840: 0.5742 - 0.5997   4.44%  12 -   5 
20200324: 1853-1853: 0.5796 - 0.6109   5.40%   3 -   3 *
20200324: 1857-1857: 0.5734 - 0.6049   5.49%   6 -   6 *
20200324: 1859-1900: 0.5735 - 0.6081   6.03%   1 -   1 
20200324: 1901-1906: 0.5801 - 0.6399  10.31%   1 -   1 
20200324: 1911-1911: 0.5800 - 0.6090   5.00%   2 -   2 *
