Found 2 symbols
HTBX: 17
20200325: 1334-1334: 0.5007 - 0.5690  13.64% 3302 - 3302 *
20200325: 1335-1335: 0.5005 - 0.5410   8.09% 3498 - 3498 *
20200325: 1336-1336: 0.5300 - 0.5608   5.81% 575 - 575 *
20200325: 1337-1340: 0.5400 - 0.5650   4.63% 171 - 355 
20200325: 1346-1443: 0.5300 - 0.5572   5.13% 396 - 754 
20200325: 1444-1506: 0.5400 - 0.5626   4.19% 1003 -  78 
20200325: 1507-1515: 0.5562 - 0.5800   4.28% 282 - 274 
20200325: 1547-1547: 0.5400 - 0.5683   5.24% 1910 - 1910 *
20200325: 1551-1610: 0.5400 - 0.5675   5.09% 127 - 123 
20200325: 1717-1902: 0.5400 - 0.5656   4.74% 715 -  83 
20200325: 1903-1906: 0.5603 - 0.5850   4.41% 549 - 956 
20200325: 1907-1907: 0.5640 - 0.5900   4.61% 1778 - 1778 *
20200325: 1915-1917: 0.5689 - 0.6000   5.47% 589 - 1750 
20200325: 1921-1921: 0.5900 - 0.6150   4.24% 1224 - 1224 *
20200325: 1928-1930: 0.5750 - 0.6000   4.35% 410 - 430 
20200325: 1932-1938: 0.5800 - 0.6090   5.00% 415 - 681 
20200325: 1948-1951: 0.5610 - 0.5900   5.17% 660 - 128 
MHLD: 11
20200325: 1350-1411: 0.6000 - 0.6273   4.55%   1 -  15 
20200325: 1411-1457: 0.6273 - 0.6565   4.65%  15 -  30 
20200325: 1542-1600: 0.6460 - 0.6796   5.20%   1 -  10 
20200325: 1613-1640: 0.6588 - 0.7400  12.33%   1 - 154 
20200325: 1641-1647: 0.7249 - 0.7566   4.37%   4 - 156 
20200325: 1649-1702: 0.7498 - 0.7991   6.58%   1 -  20 
20200325: 1809-1821: 0.7712 - 0.8082   4.80%   1 - 111 
20200325: 1822-1837: 0.7953 - 0.8300   4.36%   7 -  10 
20200325: 1945-1945: 0.7625 - 0.8368   9.74%  64 -  64 *
20200325: 1946-1946: 0.7400 - 0.8000   8.11%  79 -  79 *
20200325: 1947-1950: 0.7572 - 0.7893   4.24%   2 -   3 
